[    0.000000] Initializing cgroup subsys cpuset
[    0.000000] Initializing cgroup subsys cpu
[    0.000000] Initializing cgroup subsys cpuacct
[    0.000000] Linux version 4.4.0-127-generic (buildd@lcy01-amd64-023) (gcc version 5.4.0 20160609 (Ubuntu 5.4.0-6ubuntu1~16.04.9) ) #153-Ubuntu SMP Sat May 19 10:58:46 UTC 2018 (Ubuntu 4.4.0-127.153-generic 4.4.128)
[    0.000000] Command line: BOOT_IMAGE=/boot/vmlinuz-4.4.0-127-generic root=LABEL=cloudimg-rootfs ro console=tty1 console=ttyS0
[    0.000000] KERNEL supported cpus:
[    0.000000]   Intel GenuineIntel
[    0.000000]   AMD AuthenticAMD
[    0.000000]   Centaur CentaurHauls
[    0.000000] x86/fpu: xstate_offset[2]:  576, xstate_sizes[2]:  256
[    0.000000] x86/fpu: Supporting XSAVE feature 0x01: 'x87 floating point registers'
[    0.000000] x86/fpu: Supporting XSAVE feature 0x02: 'SSE registers'
[    0.000000] x86/fpu: Supporting XSAVE feature 0x04: 'AVX registers'
[    0.000000] x86/fpu: Enabled xstate features 0x7, context size is 832 bytes, using 'standard' format.
[    0.000000] x86/fpu: Using 'lazy' FPU context switches.
[    0.000000] e820: BIOS-provided physical RAM map:
[    0.000000] BIOS-e820: [mem 0x0000000000000000-0x000000000009fbff] usable
[    0.000000] BIOS-e820: [mem 0x000000000009fc00-0x000000000009ffff] reserved
[    0.000000] BIOS-e820: [mem 0x00000000000f0000-0x00000000000fffff] reserved
[    0.000000] BIOS-e820: [mem 0x0000000000100000-0x000000003ffeffff] usable
[    0.000000] BIOS-e820: [mem 0x000000003fff0000-0x000000003fffffff] ACPI data
[    0.000000] BIOS-e820: [mem 0x00000000fec00000-0x00000000fec00fff] reserved
[    0.000000] BIOS-e820: [mem 0x00000000fee00000-0x00000000fee00fff] reserved
[    0.000000] BIOS-e820: [mem 0x00000000fffc0000-0x00000000ffffffff] reserved
[    0.000000] NX (Execute Disable) protection: active
[    0.000000] SMBIOS 2.5 present.
[    0.000000] Hypervisor detected: KVM
[    0.000000] e820: last_pfn = 0x3fff0 max_arch_pfn = 0x400000000
[    0.000000] MTRR: Disabled
[    0.000000] x86/PAT: MTRRs disabled, skipping PAT initialization too.
[    0.000000] CPU MTRRs all blank - virtualized system.
[    0.000000] x86/PAT: Configuration [0-7]: WB  WT  UC- UC  WB  WT  UC- UC  
[    0.000000] found SMP MP-table at [mem 0x0009fff0-0x0009ffff] mapped at [ffff88000009fff0]
[    0.000000] Scanning 1 areas for low memory corruption
[    0.000000] RAMDISK: [mem 0x36aa6000-0x3754afff]
[    0.000000] ACPI: Early table checksum verification disabled
[    0.000000] ACPI: RSDP 0x00000000000E0000 000024 (v02 VBOX  )
[    0.000000] ACPI: XSDT 0x000000003FFF0030 00003C (v01 VBOX   VBOXXSDT 00000001 ASL  00000061)
[    0.000000] ACPI: FACP 0x000000003FFF00F0 0000F4 (v04 VBOX   VBOXFACP 00000001 ASL  00000061)
[    0.000000] ACPI: DSDT 0x000000003FFF0470 0021FF (v02 VBOX   VBOXBIOS 00000002 INTL 20160108)
[    0.000000] ACPI: FACS 0x000000003FFF0200 000040
[    0.000000] ACPI: FACS 0x000000003FFF0200 000040
[    0.000000] ACPI: APIC 0x000000003FFF0240 00005C (v02 VBOX   VBOXAPIC 00000001 ASL  00000061)
[    0.000000] ACPI: SSDT 0x000000003FFF02A0 0001CC (v01 VBOX   VBOXCPUT 00000002 INTL 20160108)
[    0.000000] No NUMA configuration found
[    0.000000] Faking a node at [mem 0x0000000000000000-0x000000003ffeffff]
[    0.000000] NODE_DATA(0) allocated [mem 0x3ffeb000-0x3ffeffff]
[    0.000000] kvm-clock: Using msrs 4b564d01 and 4b564d00
[    0.000000] kvm-clock: cpu 0, msr 0:3ffe3001, primary cpu clock
[    0.000000] kvm-clock: using sched offset of 3482931693 cycles
[    0.000000] clocksource: kvm-clock: mask: 0xffffffffffffffff max_cycles: 0x1cd42e4dffb, max_idle_ns: 881590591483 ns
[    0.000000] Zone ranges:
[    0.000000]   DMA      [mem 0x0000000000001000-0x0000000000ffffff]
[    0.000000]   DMA32    [mem 0x0000000001000000-0x000000003ffeffff]
[    0.000000]   Normal   empty
[    0.000000]   Device   empty
[    0.000000] Movable zone start for each node
[    0.000000] Early memory node ranges
[    0.000000]   node   0: [mem 0x0000000000001000-0x000000000009efff]
[    0.000000]   node   0: [mem 0x0000000000100000-0x000000003ffeffff]
[    0.000000] Initmem setup node 0 [mem 0x0000000000001000-0x000000003ffeffff]
[    0.000000] ACPI: PM-Timer IO Port: 0x4008
[    0.000000] IOAPIC[0]: apic_id 2, version 32, address 0xfec00000, GSI 0-23
[    0.000000] ACPI: INT_SRC_OVR (bus 0 bus_irq 0 global_irq 2 dfl dfl)
[    0.000000] ACPI: INT_SRC_OVR (bus 0 bus_irq 9 global_irq 9 high level)
[    0.000000] Using ACPI (MADT) for SMP configuration information
[    0.000000] smpboot: Allowing 2 CPUs, 0 hotplug CPUs
[    0.000000] PM: Registered nosave memory: [mem 0x00000000-0x00000fff]
[    0.000000] PM: Registered nosave memory: [mem 0x0009f000-0x0009ffff]
[    0.000000] PM: Registered nosave memory: [mem 0x000a0000-0x000effff]
[    0.000000] PM: Registered nosave memory: [mem 0x000f0000-0x000fffff]
[    0.000000] e820: [mem 0x40000000-0xfebfffff] available for PCI devices
[    0.000000] Booting paravirtualized kernel on KVM
[    0.000000] clocksource: refined-jiffies: mask: 0xffffffff max_cycles: 0xffffffff, max_idle_ns: 7645519600211568 ns
[    0.000000] setup_percpu: NR_CPUS:512 nr_cpumask_bits:512 nr_cpu_ids:2 nr_node_ids:1
[    0.000000] PERCPU: Embedded 34 pages/cpu @ffff88003fc00000 s99544 r8192 d31528 u1048576
[    0.000000] PV qspinlock hash table entries: 256 (order: 0, 4096 bytes)
[    0.000000] Built 1 zonelists in Node order, mobility grouping on.  Total pages: 257912
[    0.000000] Policy zone: DMA32
[    0.000000] Kernel command line: BOOT_IMAGE=/boot/vmlinuz-4.4.0-127-generic root=LABEL=cloudimg-rootfs ro console=tty1 console=ttyS0
[    0.000000] PID hash table entries: 4096 (order: 3, 32768 bytes)
[    0.000000] Memory: 1001620K/1048120K available (8537K kernel code, 1313K rwdata, 4000K rodata, 1512K init, 1316K bss, 46500K reserved, 0K cma-reserved)
[    0.000000] SLUB: HWalign=64, Order=0-3, MinObjects=0, CPUs=2, Nodes=1
[    0.000000] Kernel/User page tables isolation: enabled
[    0.000000] Hierarchical RCU implementation.
[    0.000000] 	Build-time adjustment of leaf fanout to 64.
[    0.000000] 	RCU restricting CPUs from NR_CPUS=512 to nr_cpu_ids=2.
[    0.000000] RCU: Adjusting geometry for rcu_fanout_leaf=64, nr_cpu_ids=2
[    0.000000] NR_IRQS:33024 nr_irqs:440 16
[    0.000000] Console: colour VGA+ 80x25
[    0.000000] console [tty1] enabled
[    0.000000] console [ttyS0] enabled
[    0.000000] tsc: Detected 2591.588 MHz processor
[    0.885371] Calibrating delay loop (skipped) preset value.. 5183.17 BogoMIPS (lpj=10366352)
[    0.931958] pid_max: default: 32768 minimum: 301
[    0.951698] ACPI: Core revision 20150930
[    0.954146] ACPI: 2 ACPI AML tables successfully acquired and loaded
[    0.961087] Security Framework initialized
[    0.967613] Yama: becoming mindful.
[    0.968760] AppArmor: AppArmor initialized
[    0.970090] Dentry cache hash table entries: 131072 (order: 8, 1048576 bytes)
[    0.972831] Inode-cache hash table entries: 65536 (order: 7, 524288 bytes)
[    0.980184] Mount-cache hash table entries: 2048 (order: 2, 16384 bytes)
[    0.981997] Mountpoint-cache hash table entries: 2048 (order: 2, 16384 bytes)
[    0.984120] Initializing cgroup subsys io
[    0.988146] Initializing cgroup subsys memory
[    0.989462] Initializing cgroup subsys devices
[    0.990798] Initializing cgroup subsys freezer
[    0.992123] Initializing cgroup subsys net_cls
[    0.993428] Initializing cgroup subsys perf_event
[    0.994803] Initializing cgroup subsys net_prio
[    0.996164] Initializing cgroup subsys hugetlb
[    0.997493] Initializing cgroup subsys pids
[    0.998858] CPU: Physical Processor ID: 0
[    1.000122] CPU: Processor Core ID: 0
[    1.001666] mce: CPU supports 0 MCE banks
[    1.002922] Last level iTLB entries: 4KB 512, 2MB 8, 4MB 8
[    1.004478] Last level dTLB entries: 4KB 512, 2MB 32, 4MB 32, 1GB 0
[    1.006190] Spectre V2 : Mitigation: Full generic retpoline
[    1.007757] Spectre V2 : Speculation control IBPB not-supported IBRS not-supported
[    1.015126] Speculative Store Bypass: Vulnerable
[    1.023519] Freeing SMP alternatives memory: 32K
[    1.046716] ftrace: allocating 32237 entries in 126 pages
[    1.184775] smpboot: APIC(0) Converting physical 0 to logical package 0
[    1.193862] smpboot: Max logical packages: 1
[    1.195519] x2apic enabled
[    1.196755] Switched APIC routing to physical x2apic.
[    1.199585] ..TIMER: vector=0x30 apic1=0 pin1=2 apic2=-1 pin2=-1
[    1.307604] smpboot: CPU0: Intel(R) Core(TM) i5-3320M CPU @ 2.60GHz (family: 0x6, model: 0x3a, stepping: 0x9)
[    1.499243] Performance Events: unsupported p6 CPU model 58 no PMU driver, software events only.
[    1.507296] KVM setup paravirtual spinlock
[    1.509425] x86: Booting SMP configuration:
[    1.518116] .... node  #0, CPUs:      #1
[    1.519462] kvm-clock: cpu 1, msr 0:3ffe3041, secondary cpu clock
[    1.526305] mce: CPU supports 0 MCE banks
[    1.539136] x86: Booted up 1 node, 2 CPUs
[    1.540760] smpboot: Total of 2 processors activated (10366.35 BogoMIPS)
[    1.548396] devtmpfs: initialized
[    1.555358] evm: security.selinux
[    1.556447] evm: security.SMACK64
[    1.557488] evm: security.SMACK64EXEC
[    1.558608] evm: security.SMACK64TRANSMUTE
[    1.565100] evm: security.SMACK64MMAP
[    1.565972] evm: security.ima
[    1.566746] evm: security.capability
[    1.637469] clocksource: jiffies: mask: 0xffffffff max_cycles: 0xffffffff, max_idle_ns: 7645041785100000 ns
[    1.910685] futex hash table entries: 512 (order: 3, 32768 bytes)
[    1.913706] pinctrl core: initialized pinctrl subsystem
[    1.917492] RTC time:  7:38:56, date: 06/04/18
[    1.919001] NET: Registered protocol family 16
[    1.935854] cpuidle: using governor ladder
[    1.952165] cpuidle: using governor menu
[    1.991782] PCCT header not found.
[    2.087927] ACPI: bus type PCI registered
[    2.110089] acpiphp: ACPI Hot Plug PCI Controller Driver version: 0.5
[    2.128477] PCI: Using configuration type 1 for base access
[    2.141972] ACPI: Added _OSI(Module Device)
[    2.149922] ACPI: Added _OSI(Processor Device)
[    2.156967] ACPI: Added _OSI(3.0 _SCP Extensions)
[    2.158333] ACPI: Added _OSI(Processor Aggregator Device)
[    2.160753] ACPI: Executed 1 blocks of module-level executable AML code
[    2.171293] ACPI: Interpreter enabled
[    2.173540] ACPI: (supports S0 S5)
[    2.174623] ACPI: Using IOAPIC for interrupt routing
[    2.195233] PCI: Using host bridge windows from ACPI; if necessary, use "pci=nocrs" and report a bug
[    2.236726] ACPI: PCI Root Bridge [PCI0] (domain 0000 [bus 00-ff])
[    2.267097] acpi PNP0A03:00: _OSC: OS supports [ASPM ClockPM Segments MSI]
[    2.292971] acpi PNP0A03:00: _OSC: not requesting OS control; OS requires [ExtendedConfig ASPM ClockPM MSI]
[    2.301086] acpi PNP0A03:00: fail to add MMCONFIG information, can't access extended PCI configuration space under this bridge.
[    2.304567] PCI host bridge to bus 0000:00
[    2.305789] pci_bus 0000:00: root bus resource [io  0x0000-0x0cf7 window]
[    2.307600] pci_bus 0000:00: root bus resource [io  0x0d00-0xffff window]
[    2.309439] pci_bus 0000:00: root bus resource [mem 0x000a0000-0x000bffff window]
[    2.311639] pci_bus 0000:00: root bus resource [mem 0x40000000-0xffdfffff window]
[    2.313869] pci_bus 0000:00: root bus resource [bus 00-ff]
[    2.317339] pci 0000:00:01.1: legacy IDE quirk: reg 0x10: [io  0x01f0-0x01f7]
[    2.322433] pci 0000:00:01.1: legacy IDE quirk: reg 0x14: [io  0x03f6]
[    2.446515] pci 0000:00:01.1: legacy IDE quirk: reg 0x18: [io  0x0170-0x0177]
[    2.503971] pci 0000:00:01.1: legacy IDE quirk: reg 0x1c: [io  0x0376]
[    2.647483] pci 0000:00:07.0: quirk: [io  0x4000-0x403f] claimed by PIIX4 ACPI
[    2.678183] pci 0000:00:07.0: quirk: [io  0x4100-0x410f] claimed by PIIX4 SMB
[    2.698036] ACPI: PCI Interrupt Link [LNKA] (IRQs 5 9 10 *11)
[    2.714746] ACPI: PCI Interrupt Link [LNKB] (IRQs 5 9 10 *11)
[    2.716989] ACPI: PCI Interrupt Link [LNKC] (IRQs 5 9 *10 11)
[    2.719200] ACPI: PCI Interrupt Link [LNKD] (IRQs 5 *9 10 11)
[    2.721458] ACPI: Enabled 2 GPEs in block 00 to 07
[    2.724559] vgaarb: setting as boot device: PCI:0000:00:02.0
[    2.730604] vgaarb: device added: PCI:0000:00:02.0,decodes=io+mem,owns=io+mem,locks=none
[    2.733011] vgaarb: loaded
[    2.733915] vgaarb: bridge control possible 0000:00:02.0
[    2.735751] SCSI subsystem initialized
[    2.737110] ACPI: bus type USB registered
[    2.741839] usbcore: registered new interface driver usbfs
[    2.752266] usbcore: registered new interface driver hub
[    2.753824] usbcore: registered new device driver usb
[    2.756340] PCI: Using ACPI for IRQ routing
[    2.765416] NetLabel: Initializing
[    2.766481] NetLabel:  domain hash size = 128
[    2.773346] NetLabel:  protocols = UNLABELED CIPSOv4
[    2.774813] NetLabel:  unlabeled traffic allowed by default
[    2.781903] amd_nb: Cannot enumerate AMD northbridges
[    2.783391] clocksource: Switched to clocksource kvm-clock
[    2.793660] AppArmor: AppArmor Filesystem Enabled
[    2.804430] pnp: PnP ACPI init
[    2.806360] pnp: PnP ACPI: found 3 devices
[    2.859258] clocksource: acpi_pm: mask: 0xffffff max_cycles: 0xffffff, max_idle_ns: 2085701024 ns
[    2.918997] NET: Registered protocol family 2
[    2.920492] TCP established hash table entries: 8192 (order: 4, 65536 bytes)
[    2.940008] TCP bind hash table entries: 8192 (order: 5, 131072 bytes)
[    2.954956] TCP: Hash tables configured (established 8192 bind 8192)
[    2.956740] UDP hash table entries: 512 (order: 2, 16384 bytes)
[    2.958376] UDP-Lite hash table entries: 512 (order: 2, 16384 bytes)
[    2.988277] NET: Registered protocol family 1
[    2.989574] pci 0000:00:00.0: Limiting direct PCI/PCI transfers
[    2.991349] pci 0000:00:01.0: Activating ISA DMA hang workarounds
[    2.993245] Unpacking initramfs...
[    5.352971] Freeing initrd memory: 10900K
[    5.372178] RAPL PMU detected, API unit is 2^-32 Joules, 3 fixed counters 10737418240 ms ovfl timer
[    5.374748] hw unit of domain pp0-core 2^-0 Joules
[    5.377250] hw unit of domain package 2^-0 Joules
[    5.378626] hw unit of domain pp1-gpu 2^-0 Joules
[    5.387736] platform rtc_cmos: registered platform RTC device (no PNP device found)
[    5.394431] Scanning for low memory corruption every 60 seconds
[    5.403388] audit: initializing netlink subsys (disabled)
[    5.456257] audit: type=2000 audit(1528097942.969:1): initialized
[    5.458280] Initialise system trusted keyring
[    5.459861] HugeTLB registered 2 MB page size, pre-allocated 0 pages
[    5.469664] zbud: loaded
[    5.477971] VFS: Disk quotas dquot_6.6.0
[    5.502435] VFS: Dquot-cache hash table entries: 512 (order 0, 4096 bytes)
[    5.513978] squashfs: version 4.0 (2009/01/31) Phillip Lougher
[    5.516118] fuse init (API version 7.23)
[    5.529347] Key type big_key registered
[    5.611340] Allocating IMA MOK and blacklist keyrings.
[    5.620067] Key type asymmetric registered
[    5.627959] Asymmetric key parser 'x509' registered
[    5.629455] Block layer SCSI generic (bsg) driver version 0.4 loaded (major 249)
[    5.631802] io scheduler noop registered
[    5.636619] io scheduler deadline registered (default)
[    5.643374] io scheduler cfq registered
[    5.644730] pci_hotplug: PCI Hot Plug PCI Core version: 0.5
[    5.657016] pciehp: PCI Express Hot Plug Controller Driver version: 0.4
[    5.658981] ACPI: AC Adapter [AC] (on-line)
[    5.668555] input: Power Button as /devices/LNXSYSTM:00/LNXPWRBN:00/input/input0
[    5.670770] ACPI: Power Button [PWRF]
[    5.677254] input: Sleep Button as /devices/LNXSYSTM:00/LNXSLPBN:00/input/input1
[    5.681365] ACPI: Sleep Button [SLPF]
[    5.761594] GHES: HEST is not enabled!
[    5.762638] ACPI: Battery Slot [BAT0] (battery present)
[    5.932779] Serial: 8250/16550 driver, 32 ports, IRQ sharing enabled
[    6.200181] 00:02: ttyS0 at I/O 0x3f8 (irq = 4, base_baud = 115200) is a 16550A
[    6.230377] Linux agpgart interface v0.103
[    6.235475] loop: module loaded
[    6.238589] scsi host0: ata_piix
[    6.241028] scsi host1: ata_piix
[    6.257512] ata1: PATA max UDMA/33 cmd 0x1f0 ctl 0x3f6 bmdma 0xd000 irq 14
[    6.258925] ata2: PATA max UDMA/33 cmd 0x170 ctl 0x376 bmdma 0xd008 irq 15
[    6.260541] libphy: Fixed MDIO Bus: probed
[    6.266736] tun: Universal TUN/TAP device driver, 1.6
[    6.268016] tun: (C) 1999-2004 Max Krasnyansky <maxk@qualcomm.com>
[    6.357417] PPP generic driver version 2.4.2
[    6.387877] tsc: Refined TSC clocksource calibration: 2593.415 MHz
[    6.387880] clocksource: tsc: mask: 0xffffffffffffffff max_cycles: 0x2561ef7a3d6, max_idle_ns: 440795284893 ns
[    6.694051] ehci_hcd: USB 2.0 'Enhanced' Host Controller (EHCI) Driver
[    6.696923] ehci-pci: EHCI PCI platform driver
[    6.697971] ehci-platform: EHCI generic platform driver
[    6.700548] ohci_hcd: USB 1.1 'Open' Host Controller (OHCI) Driver
[    6.777989] ohci-pci: OHCI PCI platform driver
[    6.951168] ohci-platform: OHCI generic platform driver
[    7.357571] uhci_hcd: USB Universal Host Controller Interface driver
[    7.362520] i8042: PNP: PS/2 Controller [PNP0303:PS2K,PNP0f03:PS2M] at 0x60,0x64 irq 1,12
[    7.388567] serio: i8042 KBD port at 0x60,0x64 irq 1
[    7.667426] serio: i8042 AUX port at 0x60,0x64 irq 12
[    7.837490] mousedev: PS/2 mouse device common for all mice
[    8.001973] input: AT Translated Set 2 keyboard as /devices/platform/i8042/serio0/input/input2
[    8.248774] rtc_cmos rtc_cmos: rtc core: registered rtc_cmos as rtc0
[    8.287988] rtc_cmos rtc_cmos: alarms up to one day, 114 bytes nvram
[    8.297124] i2c /dev entries driver
[    8.298306] device-mapper: uevent: version 1.0.3
[    8.299761] device-mapper: ioctl: 4.34.0-ioctl (2015-10-28) initialised: dm-devel@redhat.com
[    8.302199] ledtrig-cpu: registered to indicate activity on CPUs
[    8.304503] NET: Registered protocol family 10
[    8.309679] NET: Registered protocol family 17
[    8.315712] Key type dns_resolver registered
[    8.318604] registered taskstats version 1
[    8.320508] Loading compiled-in X.509 certificates
[    8.323506] Loaded X.509 cert 'Build time autogenerated kernel key: 9f6f572a3ee0cb468eb8db4aa61815bc74ef6adb'
[    8.329602] zswap: loaded using pool lzo/zbud
[    8.333591] Key type trusted registered
[    8.383025] Key type encrypted registered
[    8.397998] AppArmor: AppArmor sha1 policy hashing enabled
[    8.407421] ima: No TPM chip found, activating TPM-bypass!
[    8.468193] evm: HMAC attrs: 0x1
[    8.528124]   Magic number: 6:620:621
[    8.535700] rtc_cmos rtc_cmos: setting system clock to 2018-06-04 07:39:03 UTC (1528097943)
[    8.569320] BIOS EDD facility v0.16 2004-Jun-25, 0 devices found
[    8.718961] EDD information not available.
[    8.721659] Freeing unused kernel memory: 1512K
[    8.726091] Write protecting the kernel read-only data: 14336k
[    8.729834] Freeing unused kernel memory: 1692K
[    8.897914] Freeing unused kernel memory: 96K
Loading, please wait...
starting version[    8.974294] random: systemd-udevd: uninitialized urandom read (16 bytes read, 3 bits of entropy available)
 229
[    8.975678] random: udevadm: uninitialized urandom read (16 bytes read, 3 bits of entropy available)
[    8.975718] random: udevadm: uninitialized urandom read (16 bytes read, 3 bits of entropy available)
[    8.996502] random: udevadm: uninitialized urandom read (16 bytes read, 3 bits of entropy available)
[    8.996591] random: udevadm: uninitialized urandom read (16 bytes read, 3 bits of entropy available)
[    8.996906] random: udevadm: uninitialized urandom read (16 bytes read, 3 bits of entropy available)
[    8.997022] random: udevadm: uninitialized urandom read (16 bytes read, 3 bits of entropy available)
[    8.997143] random: udevadm: uninitialized urandom read (16 bytes read, 3 bits of entropy available)
[    8.997259] random: udevadm: uninitialized urandom read (16 bytes read, 3 bits of entropy available)
[    8.997377] random: udevadm: uninitialized urandom read (16 bytes read, 3 bits of entropy available)
[    9.214072] e1000: Intel(R) PRO/1000 Network Driver - version 7.3.21-k8-NAPI
[    9.231005] e1000: Copyright (c) 1999-2006 Intel Corporation.
[    9.233701] Fusion MPT base driver 3.04.20
[    9.236718] Copyright (c) 1999-2008 LSI Corporation
[    9.244261] Fusion MPT SPI Host driver 3.04.20
[    9.275202] AVX version of gcm_enc/dec engaged.
[    9.282966] AES CTR mode by8 optimization enabled
[    9.444141] input: ImExPS/2 Generic Explorer Mouse as /devices/platform/i8042/serio1/input/input4
[    9.629724] e1000 0000:00:03.0 eth0: (PCI:33MHz:32-bit) 02:8b:bc:1c:8c:d0
[    9.648655] e1000 0000:00:03.0 eth0: Intel(R) PRO/1000 Network Connection
[    9.709206] mptbase: ioc0: Initiating bringup
[    9.940109] ioc0: LSI53C1030 A0: Capabilities={Initiator}
[   10.181805] scsi host2: ioc0: LSI53C1030 A0, FwRev=00000000h, Ports=1, MaxQ=256, IRQ=20
[   10.312228] scsi 2:0:0:0: Direct-Access     VBOX     HARDDISK         1.0  PQ: 0 ANSI: 5
[   10.357441] scsi target2:0:0: Beginning Domain Validation
[   10.359873] scsi target2:0:0: Domain Validation skipping write tests
[   10.361578] scsi target2:0:0: Ending Domain Validation
[   10.363081] scsi target2:0:0: asynchronous
[   10.364838] scsi 2:0:1:0: Direct-Access     VBOX     HARDDISK         1.0  PQ: 0 ANSI: 5
[   10.395502] scsi target2:0:1: Beginning Domain Validation
[   10.405131] scsi target2:0:1: Domain Validation skipping write tests
[   10.410224] scsi target2:0:1: Ending Domain Validation
[   10.414222] scsi target2:0:1: asynchronous
[   10.456751] sd 2:0:0:0: Attached scsi generic sg0 type 0
[   10.470081] sd 2:0:0:0: [sda] 20971520 512-byte logical blocks: (10.7 GB/10.0 GiB)
[   10.479228] sd 2:0:0:0: [sda] Write Protect is off
[   10.486561] sd 2:0:1:0: [sdb] 20480 512-byte logical blocks: (10.5 MB/10.0 MiB)
[   10.492490] sd 2:0:1:0: Attached scsi generic sg1 type 0
[   10.495402] sd 2:0:0:0: [sda] Incomplete mode parameter data
[   10.500262] sd 2:0:0:0: [sda] Assuming drive cache: write through
[   10.503800] sd 2:0:1:0: [sdb] Write Protect is off
[   10.510021] sd 2:0:1:0: [sdb] Incomplete mode parameter data
[   10.519177] sd 2:0:1:0: [sdb] Assuming drive cache: write through
[   10.554367]  sda: sda1
[   10.561882] sd 2:0:0:0: [sda] Attached SCSI disk
[   10.581881] sd 2:0:1:0: [sdb] Attached SCSI disk
[   10.747001] e1000 0000:00:08.0 eth1: (PCI:33MHz:32-bit) 08:00:27:3c:c0:e7
[   10.817023] e1000 0000:00:08.0 eth1: Intel(R) PRO/1000 Network Connection
[   10.819937] e1000 0000:00:08.0 enp0s8: renamed from eth1
[   10.831712] e1000 0000:00:03.0 enp0s3: renamed from eth0
Begin: Loading e[   12.289513] md: linear personality registered for level -1
ssential drivers ... [   12.302204] md: multipath personality registered for level -4
[   12.336212] md: raid0 personality registered for level 0
[   12.354933] md: raid1 personality registered for level 1
[   12.447479] raid6: sse2x1   gen()  4940 MB/s
[   12.519448] raid6: sse2x1   xor()  4327 MB/s
[   12.635443] raid6: sse2x2   gen()  7862 MB/s
[   12.715433] raid6: sse2x2   xor()  5485 MB/s
[   12.823423] raid6: sse2x4   gen()  9197 MB/s
[   12.895436] raid6: sse2x4   xor()  6819 MB/s
[   12.897799] raid6: using algorithm sse2x4 gen() 9197 MB/s
[   12.907458] raid6: .... xor() 6819 MB/s, rmw enabled
[   12.908864] raid6: using ssse3x2 recovery algorithm
[   12.911690] xor: automatically using best checksumming function:
[   12.951436]    avx       : 14783.000 MB/sec
[   12.997893] async_tx: api initialized (async)
[   13.013631] md: raid6 personality registered for level 6
[   13.038161] md: raid5 personality registered for level 5
[   13.039679] md: raid4 personality registered for level 4
[   13.050924] md: raid10 personality registered for level 10
done.
Begin: Running /scripts/init-premount ... done.
Begin: Mounting root file system ... Begin: Running /scripts/local-top ... done.
Begin: Running /scripts/local-premount ... [   13.120412] Btrfs loaded
Scanning for Btrfs filesystems
done.
Warning: fsck not present, so skipping root file system
[   13.236294] EXT4-fs (sda1): mounted filesystem with ordered data mode. Opts: (null)
done.
Begin: Running /scripts/local-bottom ... done.
Begin: Running /scripts/init-bottom ... done.
[   13.895132] systemd[1]: systemd 229 running in system mode. (+PAM +AUDIT +SELINUX +IMA +APPARMOR +SMACK +SYSVINIT +UTMP +LIBCRYPTSETUP +GCRYPT +GNUTLS +ACL +XZ -LZ4 +SECCOMP +BLKID +ELFUTILS +KMOD -IDN)
[   14.021063] systemd[1]: Detected virtualization oracle.
[   14.028363] systemd[1]: Detected architecture x86-64.

Welcome to [1mUbuntu 16.04.4 LTS[0m!

[   14.106844] systemd[1]: Set hostname to <ubuntu-xenial>.
[   14.527759] random: nonblocking pool is initialized
[   15.108234] systemd[1]: Reached target Encrypted Volumes.
[[0;32m  OK  [0m] Reached target Encrypted Volumes.
[   15.560399] systemd[1]: Listening on Syslog Socket.
[[0;32m  OK  [0m] Listening on Syslog Socket.
[   15.633104] systemd[1]: Reached target User and Group Name Lookups.
[[0;32m  OK  [0m] Reached target User and Group Name Lookups.
[   15.661889] systemd[1]: Started Trigger resolvconf update for networkd DNS.
[[0;32m  OK  [0m] Started Trigger resolvconf update for networkd DNS.
[   15.757472] systemd[1]: Started Forward Password Requests to Wall Directory Watch.
[[0;32m  OK  [0m] Started Forward Password Requests to Wall Directory Watch.
[   15.773654] systemd[1]: Listening on LVM2 metadata daemon socket.
[[0;32m  OK  [0m] Listening on LVM2 metadata daemon socket.
[   15.809370] systemd[1]: Created slice System Slice.
[[0;32m  OK  [0m] Created slice System Slice.
[   15.850673] systemd[1]: Listening on Journal Socket (/dev/log).
[[0;32m  OK  [0m] Listening on Journal Socket (/dev/log).
[   15.861005] systemd[1]: Set up automount Arbitrary Executable File Formats File System Automount Point.
[[0;32m  OK  [0m] Set up automount Arbitrary Executab...ats File System Automount Point.
[   16.648529] systemd[1]: Listening on udev Control Socket.
[[0;32m  OK  [0m] Listening on udev Control Socket.
[   16.682414] systemd[1]: Listening on Journal Audit Socket.
[[0;32m  OK  [0m] Listening on Journal Audit Socket.
[   16.741527] systemd[1]: Created slice User and Session Slice.
[[0;32m  OK  [0m] Created slice User and Session Slice.
[   16.872190] systemd[1]: Reached target Slices.
[[0;32m  OK  [0m] Reached target Slices.
[   16.915696] systemd[1]: Reached target System Time Synchronized.
[[0;32m  OK  [0m] Reached target System Time Synchronized.
[   16.948093] systemd[1]: Reached target Swap.
[[0;32m  OK  [0m] Reached target Swap.
[   16.988371] systemd[1]: Listening on udev Kernel Socket.
[[0;32m  OK  [0m] Listening on udev Kernel Socket.
[   17.012775] systemd[1]: Listening on LVM2 poll daemon socket.
[[0;32m  OK  [0m] Listening on LVM2 poll daemon socket.
[   17.036356] systemd[1]: Listening on /dev/initctl Compatibility Named Pipe.
[[0;32m  OK  [0m] Listening on /dev/initctl Compatibility Named Pipe.
[   17.413256] systemd[1]: Listening on Journal Socket.
[[0;32m  OK  [0m] Listening on Journal Socket.
[   17.512087] systemd[1]: Mounting Debug File System...
         Mounting Debug File System...
[   17.656087] systemd[1]: Starting Load Kernel Modules...
         Starting Load Kernel Modules...
[   17.692992] systemd[1]: Starting Nameserver information manager...
[   17.708661] Loading iSCSI transport class v2.0-870.
         Starting Nameserver information manager...
[   17.712787] systemd[1]: Starting Create list of required static device nodes for the current kernel...
         Starting Create list of required st... nodes for[   17.756532] iscsi: registered transport (tcp)
 the current kernel...
[   17.795861] systemd[1]: Mounting POSIX Message Queue File System...
         Mounting POSIX Message Queue File System...
[   17.879188] iscsi: registered transport (iser)
[   17.887743] systemd[1]: Mounting Huge Pages File System...
         Mounting Huge Pages File System...
[   17.970000] systemd[1]: Starting Set console keymap...
         Starting Set console keymap...
[   18.021394] systemd[1]: Starting Journal Service...
         Starting Journal Service...
[   18.093959] systemd[1]: Listening on Device-mapper event daemon FIFOs.
[[0;32m  OK  [0m] Listening on Device-mapper event daemon FIFOs.
[   18.235653] systemd[1]: Starting Monitoring of LVM2 mirrors, snapshots etc. using dmeventd or progress polling...
         Starting Monitoring of LVM2 mirrors... dmeventd or progress polling...
[   18.253305] systemd[1]: Starting Remount Root and Kernel File Systems...
[   18.276014] EXT4-fs (sda1): re-mounted. Opts: (null)
         Starting Remount Root and Kernel File Systems...
[   18.324754] systemd[1]: Starting Uncomplicated firewall...
         Starting Uncomplicated firewall...
[   18.393298] systemd[1]: Created slice system-serial\x2dgetty.slice.
[[0;32m  OK  [0m] Created slice system-serial\x2dgetty.slice.
[   18.425216] systemd[1]: Mounted Huge Pages File System.
[[0;32m  OK  [0m] Mounted Huge Pages File System.
[   18.453526] systemd[1]: Mounted Debug File System.
[[0;32m  OK  [0m] Mounted Debug File System.
[   18.473803] systemd[1]: Mounted POSIX Message Queue File System.
[[0;32m  OK  [0m] Mounted POSIX Message Queue File System.
[   18.664333] systemd[1]: Started Journal Service.
[[0;32m  OK  [0m] Started Journal Service.
[[0;32m  OK  [0m] Started Load Kernel Modules.
[[0;32m  OK  [0m] Started Create list of required sta...ce nodes for the current kernel.
[[0;32m  OK  [0m] Started Set console keymap.
[[0;32m  OK  [0m] Started Remount Root and Kernel File Systems.
[[0;32m  OK  [0m] Started Uncomplicated firewall.
[[0;32m  OK  [0m] Started Nameserver information manager.
[[0;32m  OK  [0m] Started LVM2 metadata daemon.
         Starting udev Coldplug all Devices...
         Starting Load/Save Random Seed...
         Starting Create Static Device Nodes in /dev...
         Starting Apply Kernel Variables...
         Mounting FUSE Control File System...
         Starting Flush Journal to Persistent Storage...
[[0;32m  OK  [0m] Mounted FUSE Control File System.
[[0;32m  OK  [0m] Started Load/Save Random Seed.
[[0;32m  OK  [0m] Started udev Coldplug all Devices.
[[0;32m  OK  [0m] Started Monitoring of LVM2 mirrors,...ng dmeventd or progress polling.
[[0;32m  OK  [0m] Started Create Static Device Nodes in /dev.
[[0;32m  OK  [0m] Started Apply Kernel Variables.
         Starting udev Kernel Device Manager...
[[0;32m  OK  [0m] Started Flush Journal to Persistent Storage.
[[0;32m  OK  [0m] Started udev Kernel Device Manager.
[[0;32m  OK  [0m] Started Dispatch Password Requests to Console Directory Watch.
[[0;32m  OK  [0m] Reached target Local File Systems (Pre).
[[0;32m  OK  [0m] Reached target Local File Systems.
         Starting Tell Plymouth To Write Out Runtime Data...
         Starting Initial cloud-init job (pre-networking)...
         Starting LSB: AppArmor initialization...
         Starting Enable support for additional executable binary formats...
         Starting Set console font and keymap...
         Starting Create Volatile Files and Directories...
[[0;32m  OK  [0m] Found device /dev/ttyS0.
[[0;32m  OK  [0m] Started Tell Plymouth To Write Out Runtime Data.
         Mounting Arbitrary Executable File Formats File System...
[[0;32m  OK  [0m] Mounted Arbitrary Executable File Formats File System.
[[0;32m  OK  [0m] Started Create Volatile Files and Directories.
         Starting Update UTMP about System Boot/Shutdown...
[[0;32m  OK  [0m] Started Enable support for additional executable binary formats.
[[0;32m  OK  [0m] Started Update UTMP about System Boot/Shutdown.
[[0;32m  OK  [0m] Found device 82540EM Gigabit Ethern...r (PRO/1000 MT Desktop Adapter).
[[0;32m  OK  [0m] Found device 82540EM Gigabit Ethern...r (PRO/1000 MT Desktop Adapter).
[[0;32m  OK  [0m] Listening on Load/Save RF Kill Switch Status /dev/rfkill Watch.
[[0;32m  OK  [0m] Started Set console font and keymap.
[[0;32m  OK  [0m] Created slice system-getty.slice.
[[0;32m  OK  [0m] Started LSB: AppArmor initialization.
[   23.093371] cloud-init[479]: Cloud-init v. 18.2 running 'init-local' at Mon, 04 Jun 2018 07:39:19 +0000. Up 22.41 seconds.
[[0;32m  OK  [0m] Started Initial cloud-init job (pre-networking).
[[0;32m  OK  [0m] Reached target Network (Pre).
[[0;32m  OK  [0m] Started ifup for enp0s8.
[[0;32m  OK  [0m] Started ifup for enp0s3.
         Starting Raise network interfaces...
[[0;32m  OK  [0m] Started Raise network interfaces.
[[0;32m  OK  [0m] Reached target Network.
         Starting Initial cloud-init job (metadata service crawler)...
[   24.999085] cloud-init[1053]: Cloud-init v. 18.2 running 'init' at Mon, 04 Jun 2018 07:39:21 +0000. Up 24.04 seconds.
[   25.037988] cloud-init[1053]: ci-info: ++++++++++++++++++++++++++++++++++++++Net device info++++++++++++++++++++++++++++++++++++++
[   25.050474] cloud-init[1053]: ci-info: +--------+------+-----------------------------+---------------+-------+-------------------+
[   25.054472] cloud-init[1053]: ci-info: | Device |  Up  |           Address           |      Mask     | Scope |     Hw-Address    |
[   25.058434] cloud-init[1053]: ci-info: +--------+------+-----------------------------+---------------+-------+-------------------+
[[   25.137008] cloud-init[1053]: ci-info: | enp0s3 | True |          10.0.2.15          | 255.255.255.0 |   .   | 02:8b:bc:1c:8c:d0 |
[   25.137994] cloud-init[1053]: ci-info: | enp0s3 | True |  fe80::8b:bcff:fe1c:8cd0/64 |       .       |  link | 02:8b:bc:1c:8c:d0 |
[   25.138360] cloud-init[1053]: ci-info: | enp0s8 | True |        192.168.10.190       | 255.255.255.0 |   .   | 08:00:27:3c:c0:e7 |
[   25.138775] cloud-init[1053]: ci-info: | enp0s8 | True | fe80::a00:27ff:fe3c:c0e7/64 |       .       |  link | 08:00:27:3c:c0:e7 |
[   25.139126] cloud-init[1053]: ci-info: |   lo   | True |          127.0.0.1          |   255.0.0.0   |   .   |         .         |
[   25.139497] cloud-init[1053]: ci-info: |   lo   | True |           ::1/128           |       .       |  host |         .         |
[   25.139843] cloud-init[1053]: ci-info: +--------+------+-----------------------------+---------------+-------+-------------------+
[0;32m  OK  [0m] Started Initial cloud-init job (metadata service crawler).
[[   25.140424] cloud-init[1053]: ci-info: ++++++++++++++++++++++++++++Route IPv4 info++++++++++++++++++++++++++++
[   25.475263] cloud-init[1053]: ci-info: +-------+--------------+----------+---------------+-----------+-------+
[   25.475402] cloud-init[1053]: ci-info: | Route | Destination  | Gateway  |    Genmask    | Interface | Flags |
[   25.475575] cloud-init[1053]: ci-info: +-------+--------------+----------+---------------+-----------+-------+
[   25.475677] cloud-init[1053]: ci-info: |   0   |   0.0.0.0    | 10.0.2.2 |    0.0.0.0    |   enp0s3  |   UG  |
[   25.475775] cloud-init[1053]: ci-info: |   1   |   10.0.2.0   | 0.0.0.0  | 255.255.255.0 |   enp0s3  |   U   |
[   25.475874] cloud-init[1053]: ci-info: |   2   | 192.168.10.0 | 0.0.0.0  | 255.255.255.0 |   enp0s8  |   U   |
[   25.475985] cloud-init[1053]: ci-info: +-------+--------------+----------+---------------+-----------+-------+
[0;32m  OK  [0m] Reached target Cloud-config availability.
[[0;32m  OK  [0m] Reached target System Initialization.
[[0;32m  OK  [0m] Listening on D-Bus System Message Bus Socket.
[[0;32m  OK  [0m] Started Daily apt download activities.
[[0;32m  OK  [0m] Started Daily apt upgrade and clean activities.
         Starting LXD - unix socket.
         Starting Socket activation for snappy daemon.
[[0;32m  OK  [0m] Listening on UUID daemon activation socket.
[[0;32m  OK  [0m] Started ACPI Events Check.
[[0;32m  OK  [0m] Reached target Paths.
[[0;32m  OK  [0m] Started Daily Cleanup of Temporary Directories.
[[0;32m  OK  [0m] Reached target Timers.
[[0;32m  OK  [0m] Listening on ACPID Listen Socket.
[[0;32m  OK  [0m] Reached target Network is Online.
         Starting iSCSI initiator daemon (iscsid)...
[[0;32m  OK  [0m] Listening on LXD - unix socket.
[[0;32m  OK  [0m] Listening on Socket activation for snappy daemon.
[[0;32m  OK  [0m] Reached target Sockets.
[[0;32m  OK  [0m] Reached target Basic System.
[[0;32m  OK  [0m] Started D-Bus System Message Bus.
[[0;32m  OK  [0m] Started Unattended Upgrades Shutdown.
         Starting Login Service...
         Starting /etc/rc.local Compatibility...
[[0;32m  OK  [0m] Started Regular background program processing daemon.
         Starting LSB: MD monitoring daemon...
[[0;32m  OK  [0m] Started FUSE filesystem for LXC.
         Starting OpenBSD Secure Shell server...
[[0;32m  OK  [0m] Started ACPI event daemon.
         Starting LSB: Record successful boot for GRUB...
         Starting Apply the settings specified in cloud-config...
         Starting Accounts Service...
         Starting Virtualbox guest utils...
         Starting System Logging Service...
[[0;32m  OK  [0m] Started Deferred execution scheduler.
         Starting Snappy daemon...
         Starting LXD - container startup/shutdown...
[[0;32m  OK  [0m] Started OpenBSD Secure Shell server.
[[0;32m  OK  [0m] Started iSCSI initiator daemon (iscsid).
[[0;32m  OK  [0m] Started /etc/rc.local Compatibility.
[[0;32m  OK  [0m] Started System Logging Service.
         Starting Login to default iSCSI targets...
[[0;32m  OK  [0m] Started Login Service.
         Starting Authenticate and Authorize Users to Run Privileged Tasks...
[[0;32m  OK  [0m] Started LSB: Record successful boot for GRUB.
[[0;32m  OK  [0m] Started LSB: MD monitoring daemon.
[[0;32m  OK  [0m] Started Login to default iSCSI targets.
[[0;32m  OK  [0m] Reached target Remote File Systems (Pre).
[[0;32m  OK  [0m] Reached target Remote File Systems.
         Starting LSB: automatic crash report generation...
         Starting Permit User Sessions...
         Starting LSB: daemon to balance interrupts for SMP systems...
         Starting LSB: Set the CPU Frequency Scaling governor to "ondemand"...
[[0;32m  OK  [0m] Started Permit User Sessions.
[   28.419674] cloud-init[1139]: Cloud-init v. 18.2 running 'modules:config' at Mon, 04 Jun 2018 07:39:24 +0000. Up 27.45 seconds.
[[0;32m  OK  [0m] Started Apply the settings specified in cloud-config.
[[0;32m  OK  [0m] Started Virtualbox guest utils.
[[0;32m  OK  [0m] Started Authenticate and Authorize Users to Run Privileged Tasks.
[[0;32m  OK  [0m] Started Accounts Service.
[[0;32m  OK  [0m] Created slice User Slice of vagrant.
         Starting User Manager for UID 1000...
[[0;32m  OK  [0m] Started Session 1 of user vagrant.
         Starting Hold until boot process finishes up...
         Starting Terminate Plymouth Boot Screen...
[[0;32m  OK  [0m] Started LSB: Set the CPU Frequency Scaling governor to "ondemand".
[[0;32m  OK  [0m] Started LSB: automatic crash report generation.
[[0;32m  OK  [0m] Started LSB: daemon to balance interrupts for SMP systems.
[[0;32m  OK  [0m] Started Hold until boot process finishes up.
[[0;32m  OK  [0m] Started Terminate Plymouth Boot Screen.
[[0;32m  OK  [0m] Started Getty on tty1.
         Starting Set console scheme...
[[0;32m  OK  [0m] Started Serial Getty on ttyS0.
[[0;32m  OK  [0m] Reached target Login Prompts.
[[0;32m  OK  [0m] Started User Manager for UID 1000.
[[0;32m  OK  [0m] Started Set console scheme.
[[0;32m  OK  [0m] Started LXD - container startup/shutdown.
[[0;32m  OK  [0m] Started Snappy daemon.
[[0;32m  OK  [0m] Reached target Multi-User System.
[[0;32m  OK  [0m] Reached target Graphical Interface.
         Starting Update UTMP about System Runlevel Changes...
         Starting Execute cloud user/final scripts...
[[0;32m  OK  [0m] Started Update UTMP about System Runlevel Changes.
[   31.205204] cloud-init[1346]: Cloud-init v. 18.2 running 'modules:final' at Mon, 04 Jun 2018 07:39:28 +0000. Up 30.97 seconds.
[   31.253798] cloud-init[1346]: Cloud-init v. 18.2 finished at Mon, 04 Jun 2018 07:39:28 +0000. Datasource DataSourceNoCloud [seed=/dev/sdb][dsmode=net].  Up 31.19 seconds
[[0;32m  OK  [0m] Started Execute cloud user/final scripts.
[[0;32m  OK  [0m] Reached target Cloud-init target.

Ubuntu 16.04.4 LTS ubuntu-xenial ttyS0

ubuntu-xenial login: 